app/build/intermediates/manifest_merge_blame_file/debug/manifest-merger-blame-debug-report.txt
1<?xml version="1.0" encoding="utf-8"?>
2<manifest xmlns:android="http://schemas.android.com/apk/res/android"
3    package="com.example.logintutorial"
4    android:versionCode="1"
5    android:versionName="1.0" >
6
7    <uses-sdk
8        android:minSdkVersion="21"
8-->src/main/AndroidManifest.xml
9        android:targetSdkVersion="29" />
9-->src/main/AndroidManifest.xml
10
11    <!-- Although the *SdkVersion is captured in gradle build files, this is required for non gradle builds -->
12    <!-- <uses-sdk android:minSdkVersion="14"/> -->
13    <uses-permission android:name="android.permission.ACCESS_NETWORK_STATE" />
13-->[com.google.firebase:firebase-database:19.2.1] AndroidManifest.xml:25:5-79
13-->[com.google.firebase:firebase-database:19.2.1] AndroidManifest.xml:25:22-76
14    <uses-permission android:name="android.permission.INTERNET" />
14-->[com.google.firebase:firebase-database:19.2.1] AndroidManifest.xml:26:5-67
14-->[com.google.firebase:firebase-database:19.2.1] AndroidManifest.xml:26:22-64
15    <uses-permission android:name="android.permission.WAKE_LOCK" /> <!-- Required by older versions of Google Play services to create IID tokens -->
15-->[com.google.android.gms:play-services-measurement-api:17.2.2] AndroidManifest.xml:24:5-68
15-->[com.google.android.gms:play-services-measurement-api:17.2.2] AndroidManifest.xml:24:22-65
16    <uses-permission android:name="com.google.android.c2dm.permission.RECEIVE" />
16-->[com.google.firebase:firebase-iid:20.0.2] AndroidManifest.xml:26:5-82
16-->[com.google.firebase:firebase-iid:20.0.2] AndroidManifest.xml:26:22-79
17    <uses-permission android:name="com.google.android.finsky.permission.BIND_GET_INSTALL_REFERRER_SERVICE" />
17-->[com.google.android.gms:play-services-measurement:17.2.2] AndroidManifest.xml:26:5-110
17-->[com.google.android.gms:play-services-measurement:17.2.2] AndroidManifest.xml:26:22-107
18
19    <application
19-->src/main/AndroidManifest.xml:5:5-43:19
20        android:allowBackup="true"
20-->src/main/AndroidManifest.xml:6:9-35
21        android:appComponentFactory="androidx.core.app.CoreComponentFactory"
21-->[androidx.core:core:1.0.1] AndroidManifest.xml:22:18-86
22        android:debuggable="true"
23        android:icon="@mipmap/ic_launcher"
23-->src/main/AndroidManifest.xml:7:9-43
24        android:label="@string/app_name"
24-->src/main/AndroidManifest.xml:8:9-41
25        android:roundIcon="@mipmap/ic_launcher_round"
25-->src/main/AndroidManifest.xml:9:9-54
26        android:supportsRtl="true"
26-->src/main/AndroidManifest.xml:10:9-35
27        android:testOnly="true"
28        android:theme="@style/AppTheme" >
28-->src/main/AndroidManifest.xml:11:9-40
29        <activity android:name="com.example.logintutorialvfive.PasswordActivity" />
29-->src/main/AndroidManifest.xml:12:9-63
29-->src/main/AndroidManifest.xml:12:19-51
30        <activity android:name="com.example.logintutorialvfive.RegistrationActivity" />
30-->src/main/AndroidManifest.xml:13:9-58
30-->src/main/AndroidManifest.xml:13:19-55
31        <activity android:name="com.example.logintutorialvfive.SecondActivity" />
31-->src/main/AndroidManifest.xml:14:9-52
31-->src/main/AndroidManifest.xml:14:19-49
32        <activity
32-->src/main/AndroidManifest.xml:16:9-18:46
33            android:name="com.example.logintutorialvfive.c3Notes"
33-->src/main/AndroidManifest.xml:17:13-36
34            android:label="Client 3 Notes" />
34-->src/main/AndroidManifest.xml:18:13-43
35        <activity
35-->src/main/AndroidManifest.xml:19:9-21:46
36            android:name="com.example.logintutorialvfive.c2Notes"
36-->src/main/AndroidManifest.xml:20:13-36
37            android:label="Client 2 Notes" />
37-->src/main/AndroidManifest.xml:21:13-43
38        <activity
38-->src/main/AndroidManifest.xml:22:9-24:46
39            android:name="com.example.logintutorialvfive.c1Notes"
39-->src/main/AndroidManifest.xml:23:13-36
40            android:label="Client 1 Notes" />
40-->src/main/AndroidManifest.xml:24:13-43
41        <activity
41-->src/main/AndroidManifest.xml:25:9-27:46
42            android:name="com.example.logintutorialvfive.cTimer"
42-->src/main/AndroidManifest.xml:26:13-35
43            android:label="Client 3 Timer" />
43-->src/main/AndroidManifest.xml:27:13-43
44        <activity
44-->src/main/AndroidManifest.xml:28:9-30:46
45            android:name="com.example.logintutorialvfive.bTimer"
45-->src/main/AndroidManifest.xml:29:13-35
46            android:label="Client 2 Timer" />
46-->src/main/AndroidManifest.xml:30:13-43
47        <activity
47-->src/main/AndroidManifest.xml:31:9-33:46
48            android:name="com.example.logintutorialvfive.aTimer"
48-->src/main/AndroidManifest.xml:32:13-35
49            android:label="Client 1 Timer" />
49-->src/main/AndroidManifest.xml:33:13-43
50        <activity android:name="com.example.logintutorialvfive.Trial1Timer" />
50-->src/main/AndroidManifest.xml:34:9-49
50-->src/main/AndroidManifest.xml:34:19-46
51        <activity android:name="com.example.logintutorialvfive.MainActivity" >
51-->src/main/AndroidManifest.xml:36:9-42:20
51-->src/main/AndroidManifest.xml:36:19-47
52            <intent-filter>
52-->src/main/AndroidManifest.xml:37:13-41:29
53                <action android:name="android.intent.action.MAIN" />
53-->src/main/AndroidManifest.xml:38:17-69
53-->src/main/AndroidManifest.xml:38:25-66
54
55                <category android:name="android.intent.category.LAUNCHER" />
55-->src/main/AndroidManifest.xml:40:17-77
55-->src/main/AndroidManifest.xml:40:27-74
56            </intent-filter>
57        </activity>
58        <activity
58-->[com.google.firebase:firebase-auth:19.2.0] AndroidManifest.xml:24:9-31:50
59            android:name="com.google.firebase.auth.internal.FederatedSignInActivity"
59-->[com.google.firebase:firebase-auth:19.2.0] AndroidManifest.xml:25:13-85
60            android:excludeFromRecents="true"
60-->[com.google.firebase:firebase-auth:19.2.0] AndroidManifest.xml:26:13-46
61            android:exported="true"
61-->[com.google.firebase:firebase-auth:19.2.0] AndroidManifest.xml:27:13-36
62            android:launchMode="singleTask"
62-->[com.google.firebase:firebase-auth:19.2.0] AndroidManifest.xml:28:13-44
63            android:permission="com.google.firebase.auth.api.gms.permission.LAUNCH_FEDERATED_SIGN_IN"
63-->[com.google.firebase:firebase-auth:19.2.0] AndroidManifest.xml:29:13-102
64            android:theme="@android:style/Theme.Translucent.NoTitleBar" />
64-->[com.google.firebase:firebase-auth:19.2.0] AndroidManifest.xml:30:13-72
65
66        <service
66-->[com.google.firebase:firebase-auth:19.2.0] AndroidManifest.xml:33:9-39:19
67            android:name="com.google.firebase.components.ComponentDiscoveryService"
67-->[com.google.firebase:firebase-auth:19.2.0] AndroidManifest.xml:34:13-84
68            android:directBootAware="true"
68-->[com.google.firebase:firebase-common:19.3.0] AndroidManifest.xml:34:13-43
69            android:exported="false" >
69-->[com.google.firebase:firebase-auth:19.2.0] AndroidManifest.xml:35:13-37
70            <meta-data
70-->[com.google.firebase:firebase-auth:19.2.0] AndroidManifest.xml:36:13-38:85
71                android:name="com.google.firebase.components:com.google.firebase.auth.FirebaseAuthRegistrar"
71-->[com.google.firebase:firebase-auth:19.2.0] AndroidManifest.xml:37:17-109
72                android:value="com.google.firebase.components.ComponentRegistrar" />
72-->[com.google.firebase:firebase-auth:19.2.0] AndroidManifest.xml:38:17-82
73            <meta-data
73-->[com.google.firebase:firebase-database:19.2.1] AndroidManifest.xml:32:13-34:85
74                android:name="com.google.firebase.components:com.google.firebase.database.DatabaseRegistrar"
74-->[com.google.firebase:firebase-database:19.2.1] AndroidManifest.xml:33:17-109
75                android:value="com.google.firebase.components.ComponentRegistrar" />
75-->[com.google.firebase:firebase-database:19.2.1] AndroidManifest.xml:34:17-82
76            <meta-data
76-->[com.google.firebase:firebase-firestore:21.4.0] AndroidManifest.xml:20:13-22:85
77                android:name="com.google.firebase.components:com.google.firebase.firestore.FirestoreRegistrar"
77-->[com.google.firebase:firebase-firestore:21.4.0] AndroidManifest.xml:21:17-111
78                android:value="com.google.firebase.components.ComponentRegistrar" />
78-->[com.google.firebase:firebase-firestore:21.4.0] AndroidManifest.xml:22:17-82
79            <meta-data
79-->[com.google.android.gms:play-services-measurement-api:17.2.2] AndroidManifest.xml:30:13-32:85
80                android:name="com.google.firebase.components:com.google.firebase.analytics.connector.internal.AnalyticsConnectorRegistrar"
80-->[com.google.android.gms:play-services-measurement-api:17.2.2] AndroidManifest.xml:31:17-139
81                android:value="com.google.firebase.components.ComponentRegistrar" />
81-->[com.google.android.gms:play-services-measurement-api:17.2.2] AndroidManifest.xml:32:17-82
82            <meta-data
82-->[com.google.firebase:firebase-iid:20.0.2] AndroidManifest.xml:32:13-34:85
83                android:name="com.google.firebase.components:com.google.firebase.iid.Registrar"
83-->[com.google.firebase:firebase-iid:20.0.2] AndroidManifest.xml:33:17-96
84                android:value="com.google.firebase.components.ComponentRegistrar" />
84-->[com.google.firebase:firebase-iid:20.0.2] AndroidManifest.xml:34:17-82
85        </service>
86
87        <receiver
87-->[com.google.firebase:firebase-iid:20.0.2] AndroidManifest.xml:37:9-44:20
88            android:name="com.google.firebase.iid.FirebaseInstanceIdReceiver"
88-->[com.google.firebase:firebase-iid:20.0.2] AndroidManifest.xml:38:13-78
89            android:exported="true"
89-->[com.google.firebase:firebase-iid:20.0.2] AndroidManifest.xml:39:13-36
90            android:permission="com.google.android.c2dm.permission.SEND" >
90-->[com.google.firebase:firebase-iid:20.0.2] AndroidManifest.xml:40:13-73
91            <intent-filter>
91-->[com.google.firebase:firebase-iid:20.0.2] AndroidManifest.xml:41:13-43:29
92                <action android:name="com.google.android.c2dm.intent.RECEIVE" />
92-->[com.google.firebase:firebase-iid:20.0.2] AndroidManifest.xml:42:17-81
92-->[com.google.firebase:firebase-iid:20.0.2] AndroidManifest.xml:42:25-78
93            </intent-filter>
94        </receiver>
95
96        <activity
96-->[com.google.android.gms:play-services-base:17.1.0] AndroidManifest.xml:23:9-26:75
97            android:name="com.google.android.gms.common.api.GoogleApiActivity"
97-->[com.google.android.gms:play-services-base:17.1.0] AndroidManifest.xml:24:13-79
98            android:exported="false"
98-->[com.google.android.gms:play-services-base:17.1.0] AndroidManifest.xml:25:13-37
99            android:theme="@android:style/Theme.Translucent.NoTitleBar" />
99-->[com.google.android.gms:play-services-base:17.1.0] AndroidManifest.xml:26:13-72
100
101        <receiver
101-->[com.google.android.gms:play-services-measurement:17.2.2] AndroidManifest.xml:29:9-33:20
102            android:name="com.google.android.gms.measurement.AppMeasurementReceiver"
102-->[com.google.android.gms:play-services-measurement:17.2.2] AndroidManifest.xml:30:13-85
103            android:enabled="true"
103-->[com.google.android.gms:play-services-measurement:17.2.2] AndroidManifest.xml:31:13-35
104            android:exported="false" >
104-->[com.google.android.gms:play-services-measurement:17.2.2] AndroidManifest.xml:32:13-37
105        </receiver>
106        <receiver
106-->[com.google.android.gms:play-services-measurement:17.2.2] AndroidManifest.xml:34:9-42:20
107            android:name="com.google.android.gms.measurement.AppMeasurementInstallReferrerReceiver"
107-->[com.google.android.gms:play-services-measurement:17.2.2] AndroidManifest.xml:35:13-100
108            android:enabled="true"
108-->[com.google.android.gms:play-services-measurement:17.2.2] AndroidManifest.xml:36:13-35
109            android:exported="true"
109-->[com.google.android.gms:play-services-measurement:17.2.2] AndroidManifest.xml:37:13-36
110            android:permission="android.permission.INSTALL_PACKAGES" >
110-->[com.google.android.gms:play-services-measurement:17.2.2] AndroidManifest.xml:38:13-69
111            <intent-filter>
111-->[com.google.android.gms:play-services-measurement:17.2.2] AndroidManifest.xml:39:13-41:29
112                <action android:name="com.android.vending.INSTALL_REFERRER" />
112-->[com.google.android.gms:play-services-measurement:17.2.2] AndroidManifest.xml:40:17-79
112-->[com.google.android.gms:play-services-measurement:17.2.2] AndroidManifest.xml:40:25-76
113            </intent-filter>
114        </receiver>
115
116        <service
116-->[com.google.android.gms:play-services-measurement:17.2.2] AndroidManifest.xml:44:9-47:40
117            android:name="com.google.android.gms.measurement.AppMeasurementService"
117-->[com.google.android.gms:play-services-measurement:17.2.2] AndroidManifest.xml:45:13-84
118            android:enabled="true"
118-->[com.google.android.gms:play-services-measurement:17.2.2] AndroidManifest.xml:46:13-35
119            android:exported="false" />
119-->[com.google.android.gms:play-services-measurement:17.2.2] AndroidManifest.xml:47:13-37
120        <service
120-->[com.google.android.gms:play-services-measurement:17.2.2] AndroidManifest.xml:48:9-52:72
121            android:name="com.google.android.gms.measurement.AppMeasurementJobService"
121-->[com.google.android.gms:play-services-measurement:17.2.2] AndroidManifest.xml:49:13-87
122            android:enabled="true"
122-->[com.google.android.gms:play-services-measurement:17.2.2] AndroidManifest.xml:50:13-35
123            android:exported="false"
123-->[com.google.android.gms:play-services-measurement:17.2.2] AndroidManifest.xml:51:13-37
124            android:permission="android.permission.BIND_JOB_SERVICE" />
124-->[com.google.android.gms:play-services-measurement:17.2.2] AndroidManifest.xml:52:13-69
125
126        <provider
126-->[com.google.firebase:firebase-common:19.3.0] AndroidManifest.xml:26:9-30:39
127            android:name="com.google.firebase.provider.FirebaseInitProvider"
127-->[com.google.firebase:firebase-common:19.3.0] AndroidManifest.xml:27:13-77
128            android:authorities="com.example.logintutorial.firebaseinitprovider"
128-->[com.google.firebase:firebase-common:19.3.0] AndroidManifest.xml:28:13-72
129            android:exported="false"
129-->[com.google.firebase:firebase-common:19.3.0] AndroidManifest.xml:29:13-37
130            android:initOrder="100" />
130-->[com.google.firebase:firebase-common:19.3.0] AndroidManifest.xml:30:13-36
131
132        <meta-data
132-->[com.google.android.gms:play-services-basement:17.0.0] AndroidManifest.xml:23:9-25:69
133            android:name="com.google.android.gms.version"
133-->[com.google.android.gms:play-services-basement:17.0.0] AndroidManifest.xml:24:13-58
134            android:value="@integer/google_play_services_version" />
134-->[com.google.android.gms:play-services-basement:17.0.0] AndroidManifest.xml:25:13-66
135    </application>
136
137</manifest>